{"/Users/sunnatulloganiev/Desktop/node/adv-node-starter/config/dev.js": {"path":"/Users/sunnatulloganiev/Desktop/node/adv-node-starter/config/dev.js","statementMap":{"0":{"start":{"line":1,"column":0},"end":{"line":7,"column":4}}},"fnMap":{},"branchMap":{},"s":{"0":2},"f":{},"b":{},"_coverageSchema":"1a1c01bbd47fc00a2c39e90264f33305004495a9","hash":"9296743c5d0b99ccd7c35567cf8fdccd47af17e9"}
,"/Users/sunnatulloganiev/Desktop/node/adv-node-starter/config/keys.js": {"path":"/Users/sunnatulloganiev/Desktop/node/adv-node-starter/config/keys.js","statementMap":{"0":{"start":{"line":1,"column":0},"end":{"line":7,"column":1}},"1":{"start":{"line":2,"column":2},"end":{"line":2,"column":37}},"2":{"start":{"line":3,"column":7},"end":{"line":7,"column":1}},"3":{"start":{"line":4,"column":2},"end":{"line":4,"column":35}},"4":{"start":{"line":6,"column":2},"end":{"line":6,"column":36}}},"fnMap":{},"branchMap":{"0":{"loc":{"start":{"line":1,"column":0},"end":{"line":7,"column":1}},"type":"if","locations":[{"start":{"line":1,"column":0},"end":{"line":7,"column":1}},{"start":{"line":3,"column":7},"end":{"line":7,"column":1}}],"line":1},"1":{"loc":{"start":{"line":3,"column":7},"end":{"line":7,"column":1}},"type":"if","locations":[{"start":{"line":3,"column":7},"end":{"line":7,"column":1}},{"start":{"line":5,"column":7},"end":{"line":7,"column":1}}],"line":3}},"s":{"0":2,"1":0,"2":2,"3":0,"4":2},"f":{},"b":{"0":[0,2],"1":[0,2]},"_coverageSchema":"1a1c01bbd47fc00a2c39e90264f33305004495a9","hash":"64c074e12d88cb466a06e110e63ebece85a876d2"}
,"/Users/sunnatulloganiev/Desktop/node/adv-node-starter/models/User.js": {"path":"/Users/sunnatulloganiev/Desktop/node/adv-node-starter/models/User.js","statementMap":{"0":{"start":{"line":1,"column":17},"end":{"line":1,"column":36}},"1":{"start":{"line":2,"column":19},"end":{"line":2,"column":27}},"2":{"start":{"line":4,"column":19},"end":{"line":7,"column":2}},"3":{"start":{"line":9,"column":0},"end":{"line":9,"column":35}}},"fnMap":{},"branchMap":{},"s":{"0":2,"1":2,"2":2,"3":2},"f":{},"b":{},"_coverageSchema":"1a1c01bbd47fc00a2c39e90264f33305004495a9","hash":"3914890dbfe42118cc5119389c0f6947cd2293d7"}
,"/Users/sunnatulloganiev/Desktop/node/adv-node-starter/test/factories/sessionFactory.js": {"path":"/Users/sunnatulloganiev/Desktop/node/adv-node-starter/test/factories/sessionFactory.js","statementMap":{"0":{"start":{"line":1,"column":15},"end":{"line":1,"column":44}},"1":{"start":{"line":2,"column":16},"end":{"line":2,"column":34}},"2":{"start":{"line":3,"column":13},"end":{"line":3,"column":41}},"3":{"start":{"line":4,"column":16},"end":{"line":4,"column":45}},"4":{"start":{"line":6,"column":0},"end":{"line":17,"column":2}},"5":{"start":{"line":7,"column":24},"end":{"line":11,"column":3}},"6":{"start":{"line":13,"column":18},"end":{"line":13,"column":79}},"7":{"start":{"line":14,"column":14},"end":{"line":14,"column":48}},"8":{"start":{"line":16,"column":2},"end":{"line":16,"column":26}}},"fnMap":{"0":{"name":"(anonymous_0)","decl":{"start":{"line":6,"column":17},"end":{"line":6,"column":18}},"loc":{"start":{"line":6,"column":27},"end":{"line":17,"column":1}},"line":6}},"branchMap":{},"s":{"0":2,"1":2,"2":2,"3":2,"4":2,"5":5,"6":5,"7":5,"8":5},"f":{"0":5},"b":{},"_coverageSchema":"1a1c01bbd47fc00a2c39e90264f33305004495a9","hash":"fc2eaf204dd062a3810e513099928b9e2e8f7eda"}
,"/Users/sunnatulloganiev/Desktop/node/adv-node-starter/test/factories/userFactory.js": {"path":"/Users/sunnatulloganiev/Desktop/node/adv-node-starter/test/factories/userFactory.js","statementMap":{"0":{"start":{"line":1,"column":17},"end":{"line":1,"column":36}},"1":{"start":{"line":2,"column":13},"end":{"line":2,"column":35}},"2":{"start":{"line":4,"column":0},"end":{"line":6,"column":1}},"3":{"start":{"line":5,"column":4},"end":{"line":5,"column":36}}},"fnMap":{"0":{"name":"(anonymous_0)","decl":{"start":{"line":4,"column":17},"end":{"line":4,"column":18}},"loc":{"start":{"line":4,"column":29},"end":{"line":6,"column":1}},"line":4}},"branchMap":{},"s":{"0":2,"1":2,"2":2,"3":5},"f":{"0":5},"b":{},"_coverageSchema":"1a1c01bbd47fc00a2c39e90264f33305004495a9","hash":"a7646bee877123b417223126609b13df27fc1fc1"}
,"/Users/sunnatulloganiev/Desktop/node/adv-node-starter/test/helpers/page.js": {"path":"/Users/sunnatulloganiev/Desktop/node/adv-node-starter/test/helpers/page.js","statementMap":{"0":{"start":{"line":1,"column":18},"end":{"line":1,"column":38}},"1":{"start":{"line":2,"column":23},"end":{"line":2,"column":61}},"2":{"start":{"line":3,"column":20},"end":{"line":3,"column":55}},"3":{"start":{"line":7,"column":20},"end":{"line":10,"column":6}},"4":{"start":{"line":12,"column":17},"end":{"line":12,"column":40}},"5":{"start":{"line":14,"column":23},"end":{"line":14,"column":52}},"6":{"start":{"line":16,"column":4},"end":{"line":32,"column":7}},"7":{"start":{"line":18,"column":8},"end":{"line":20,"column":9}},"8":{"start":{"line":19,"column":10},"end":{"line":19,"column":30}},"9":{"start":{"line":22,"column":22},"end":{"line":22,"column":32}},"10":{"start":{"line":24,"column":8},"end":{"line":28,"column":9}},"11":{"start":{"line":25,"column":10},"end":{"line":27,"column":12}},"12":{"start":{"line":26,"column":12},"end":{"line":26,"column":70}},"13":{"start":{"line":30,"column":8},"end":{"line":30,"column":21}},"14":{"start":{"line":36,"column":4},"end":{"line":36,"column":21}},"15":{"start":{"line":37,"column":4},"end":{"line":37,"column":27}},"16":{"start":{"line":41,"column":4},"end":{"line":41,"column":25}},"17":{"start":{"line":45,"column":17},"end":{"line":45,"column":36}},"18":{"start":{"line":47,"column":29},"end":{"line":47,"column":49}},"19":{"start":{"line":49,"column":4},"end":{"line":49,"column":67}},"20":{"start":{"line":50,"column":4},"end":{"line":50,"column":67}},"21":{"start":{"line":52,"column":4},"end":{"line":52,"column":56}},"22":{"start":{"line":54,"column":4},"end":{"line":54,"column":62}},"23":{"start":{"line":58,"column":4},"end":{"line":58,"column":65}},"24":{"start":{"line":58,"column":51},"end":{"line":58,"column":63}},"25":{"start":{"line":62,"column":20},"end":{"line":62,"column":61}},"26":{"start":{"line":63,"column":4},"end":{"line":63,"column":26}},"27":{"start":{"line":67,"column":0},"end":{"line":67,"column":28}}},"fnMap":{"0":{"name":"(anonymous_0)","decl":{"start":{"line":6,"column":2},"end":{"line":6,"column":3}},"loc":{"start":{"line":6,"column":23},"end":{"line":33,"column":3}},"line":6},"1":{"name":"(anonymous_1)","decl":{"start":{"line":17,"column":6},"end":{"line":17,"column":7}},"loc":{"start":{"line":17,"column":34},"end":{"line":31,"column":7}},"line":17},"2":{"name":"(anonymous_2)","decl":{"start":{"line":25,"column":17},"end":{"line":25,"column":18}},"loc":{"start":{"line":25,"column":36},"end":{"line":27,"column":11}},"line":25},"3":{"name":"(anonymous_3)","decl":{"start":{"line":35,"column":2},"end":{"line":35,"column":3}},"loc":{"start":{"line":35,"column":29},"end":{"line":38,"column":3}},"line":35},"4":{"name":"(anonymous_4)","decl":{"start":{"line":40,"column":2},"end":{"line":40,"column":3}},"loc":{"start":{"line":40,"column":10},"end":{"line":42,"column":3}},"line":40},"5":{"name":"(anonymous_5)","decl":{"start":{"line":44,"column":2},"end":{"line":44,"column":3}},"loc":{"start":{"line":44,"column":16},"end":{"line":55,"column":3}},"line":44},"6":{"name":"(anonymous_6)","decl":{"start":{"line":57,"column":2},"end":{"line":57,"column":3}},"loc":{"start":{"line":57,"column":32},"end":{"line":59,"column":3}},"line":57},"7":{"name":"(anonymous_7)","decl":{"start":{"line":58,"column":43},"end":{"line":58,"column":44}},"loc":{"start":{"line":58,"column":51},"end":{"line":58,"column":63}},"line":58},"8":{"name":"(anonymous_8)","decl":{"start":{"line":61,"column":2},"end":{"line":61,"column":3}},"loc":{"start":{"line":61,"column":24},"end":{"line":64,"column":3}},"line":61}},"branchMap":{"0":{"loc":{"start":{"line":18,"column":8},"end":{"line":20,"column":9}},"type":"if","locations":[{"start":{"line":18,"column":8},"end":{"line":20,"column":9}},{"start":{},"end":{}}],"line":18},"1":{"loc":{"start":{"line":24,"column":8},"end":{"line":28,"column":9}},"type":"if","locations":[{"start":{"line":24,"column":8},"end":{"line":28,"column":9}},{"start":{},"end":{}}],"line":24},"2":{"loc":{"start":{"line":26,"column":31},"end":{"line":26,"column":62}},"type":"cond-expr","locations":[{"start":{"line":26,"column":51},"end":{"line":26,"column":55}},{"start":{"line":26,"column":58},"end":{"line":26,"column":62}}],"line":26}},"s":{"0":2,"1":2,"2":2,"3":7,"4":7,"5":7,"6":7,"7":88,"8":67,"9":21,"10":21,"11":14,"12":14,"13":7,"14":7,"15":7,"16":7,"17":5,"18":5,"19":5,"20":5,"21":5,"22":5,"23":5,"24":0,"25":9,"26":9,"27":2},"f":{"0":7,"1":88,"2":14,"3":7,"4":7,"5":5,"6":5,"7":0,"8":9},"b":{"0":[67,21],"1":[14,7],"2":[14,0]},"_coverageSchema":"1a1c01bbd47fc00a2c39e90264f33305004495a9","hash":"554c02cb5d7270821068a805d6fa78948e0e360d"}
}
