TN:
SF:config/dev.js
FNF:0
FNH:0
DA:1,2
LF:1
LH:1
BRF:0
BRH:0
end_of_record
TN:
SF:config/keys.js
FNF:0
FNH:0
DA:1,2
DA:2,0
DA:3,2
DA:4,0
DA:6,2
LF:5
LH:3
BRDA:1,0,0,0
BRDA:1,0,1,2
BRDA:3,1,0,0
BRDA:3,1,1,2
BRF:4
BRH:2
end_of_record
TN:
SF:models/User.js
FNF:0
FNH:0
DA:1,2
DA:2,2
DA:4,2
DA:9,2
LF:4
LH:4
BRF:0
BRH:0
end_of_record
TN:
SF:test/factories/sessionFactory.js
FN:6,(anonymous_0)
FNF:1
FNH:1
FNDA:5,(anonymous_0)
DA:1,2
DA:2,2
DA:3,2
DA:4,2
DA:6,2
DA:7,5
DA:13,5
DA:14,5
DA:16,5
LF:9
LH:9
BRF:0
BRH:0
end_of_record
TN:
SF:test/factories/userFactory.js
FN:4,(anonymous_0)
FNF:1
FNH:1
FNDA:5,(anonymous_0)
DA:1,2
DA:2,2
DA:4,2
DA:5,5
LF:4
LH:4
BRF:0
BRH:0
end_of_record
TN:
SF:test/helpers/page.js
FN:6,(anonymous_0)
FN:17,(anonymous_1)
FN:25,(anonymous_2)
FN:35,(anonymous_3)
FN:40,(anonymous_4)
FN:44,(anonymous_5)
FN:57,(anonymous_6)
FN:58,(anonymous_7)
FN:61,(anonymous_8)
FNF:9
FNH:8
FNDA:7,(anonymous_0)
FNDA:88,(anonymous_1)
FNDA:14,(anonymous_2)
FNDA:7,(anonymous_3)
FNDA:7,(anonymous_4)
FNDA:5,(anonymous_5)
FNDA:5,(anonymous_6)
FNDA:0,(anonymous_7)
FNDA:9,(anonymous_8)
DA:1,2
DA:2,2
DA:3,2
DA:7,7
DA:12,7
DA:14,7
DA:16,7
DA:18,88
DA:19,67
DA:22,21
DA:24,21
DA:25,14
DA:26,14
DA:30,7
DA:36,7
DA:37,7
DA:41,7
DA:45,5
DA:47,5
DA:49,5
DA:50,5
DA:52,5
DA:54,5
DA:58,5
DA:62,9
DA:63,9
DA:67,2
LF:27
LH:27
BRDA:18,0,0,67
BRDA:18,0,1,21
BRDA:24,1,0,14
BRDA:24,1,1,7
BRDA:26,2,0,14
BRDA:26,2,1,0
BRF:6
BRH:5
end_of_record
